[16-Apr-2015 15:48:23 America/Denver] AR: Array
(
    [0] => 1
    [1] => 2
)

[16-Apr-2015 15:48:57 America/Denver] AR: Array
(
    [0] => 1
    [1] => 2
)

[16-Apr-2015 15:52:00 America/Denver] AR: Array
(
    [0] => 1
    [1] => 2
)

[16-Apr-2015 15:52:00 America/Denver] ret: <table id="displayAllImageInfo">
<thead>
<tr>
<tr>
<th>id</th>
<th>subject</th>
<th>description</th>
<th>data</th>
<th>created</th>
</tr>
</thead>
<tbody>
</tr>
<tr>
<td>1</td>
<td>New Name for 1</td>
<td>All new more</td>
<td>/home/barton/slideshow/images/bestviewedwithmozillabig.gif</td>
<td>2015-04-14 14:34:14</td>
</tr>
<tr>
<td>2</td>
<td>MS Free</td>
<td>Do not use MS</td>
<td>/home/barton/slideshow/images/msfree.png</td>
<td>2015-04-14 14:34:14</td>
</tr>

</tbody>
</table>
[16-Apr-2015 15:54:35 America/Denver] AR: Array
(
    [0] => 1
    [1] => 2
)

[16-Apr-2015 15:54:35 America/Denver] ret: <table id="displayAllImageInfo">
<thead>
<tr>
<tr>
<th>id</th>
<th>subject</th>
<th>description</th>
<th>data</th>
<th>created</th>
</tr>
</thead>
<tbody>
</tr>
<tr>
<td>1</td>
<td>New Name for 1</td>
<td>All new more</td>
<td>/home/barton/slideshow/images/bestviewedwithmozillabig.gif</td>
<td>2015-04-14 14:34:14</td>
</tr>
<tr>
<td>2</td>
<td>MS Free</td>
<td>Do not use MS</td>
<td>/home/barton/slideshow/images/msfree.png</td>
<td>2015-04-14 14:34:14</td>
</tr>

</tbody>
</table>
[16-Apr-2015 15:54:54 America/Denver] AR: Array
(
    [0] => 1
    [1] => 2
)

[16-Apr-2015 15:54:54 America/Denver] ret: <table id="displayAllImageInfo">
<thead>
<tr>
<tr>
<th>id</th>
<th>subject</th>
<th>description</th>
<th>data</th>
<th>created</th>
</tr>
</thead>
<tbody>
</tr>
<tr>
<td>1</td>
<td>New Name for 1</td>
<td>All new more</td>
<td>/home/barton/slideshow/images/bestviewedwithmozillabig.gif</td>
<td>2015-04-14 14:34:14</td>
</tr>
<tr>
<td>2</td>
<td>MS Free</td>
<td>Do not use MS</td>
<td>/home/barton/slideshow/images/msfree.png</td>
<td>2015-04-14 14:34:14</td>
</tr>

</tbody>
</table>
[16-Apr-2015 15:56:39 America/Denver] AR: Array
(
    [0] => 1
    [1] => 2
)

[16-Apr-2015 15:56:39 America/Denver] ret: <table id="displayAllImageInfo">
<thead>
<tr>
<tr>
<th>id</th>
<th>subject</th>
<th>description</th>
<th>data</th>
<th>created</th>
</tr>
</thead>
<tbody>
</tr>
<tr>
<td>1</td>
<td>New Name for 1</td>
<td>All new more</td>
<td>/home/barton/slideshow/images/bestviewedwithmozillabig.gif</td>
<td>2015-04-14 14:34:14</td>
</tr>
<tr>
<td>2</td>
<td>MS Free</td>
<td>Do not use MS</td>
<td>/home/barton/slideshow/images/msfree.png</td>
<td>2015-04-14 14:34:14</td>
</tr>

</tbody>
</table>
